[2021-02-15T12:58:31.462] [ERROR] default - NoName ConnectionError: Login failed for user 'dt_predict_user'.  Reason: The password of the account has expired.
[2021-10-23T13:32:36.758] [ERROR] default - NoName ReferenceError: API_SECRET_KEY is not defined
[2021-10-23T13:35:37.091] [ERROR] default - NoName ReferenceError: TOKEN_EXPIRY_TIME is not defined
[2021-10-23T15:20:21.043] [ERROR] default - NoName ValidationError: child "destination_acc_no" fails because ["destination_acc_no" must be a string]
[2021-10-23T15:20:46.968] [ERROR] default - NoName ReferenceError: origin_acc_no is not defined
[2021-10-23T15:22:06.175] [ERROR] default - NoName RequestError: Procedure or function 'spCreateTransaction' expects parameter '@Origin_acc_no', which was not supplied.
[2021-10-23T15:23:00.169] [ERROR] default - NoName ReferenceError: resStatus is not defined
[2021-10-23T15:24:24.032] [ERROR] default - NoName RequestError: Oginial account number is not exists
[2021-10-23T15:30:34.137] [ERROR] default - NoName RequestError: Oginial account number is not exists
[2021-10-23T15:30:47.798] [ERROR] default - NoName RequestError: Validation failed for parameter 'Destination_acc_id'. Value must be between -2147483648 and 2147483647.
[2021-10-23T15:31:12.472] [ERROR] default - NoName RequestError: Destination account number is not exists 
[2021-10-23T15:31:24.200] [ERROR] default - NoName RequestError: Destination account number is not exists 
[2021-10-23T15:39:22.455] [ERROR] default - NoName RequestError: Insufficient funts
[2021-10-23T16:23:23.330] [ERROR] default - NoName RequestError: Destination account number is not exists 
[2021-10-23T16:26:11.603] [ERROR] default - NoName RequestError: Oginial account number is not exists
[2021-10-23T16:26:59.170] [ERROR] default - NoName RequestError: Destination account number is not exists 
[2021-10-23T16:27:20.552] [ERROR] default - NoName RequestError: Destination account number is not exists 
[2021-10-23T16:28:49.489] [ERROR] default - NoName RequestError: Destination account number is not exists 
[2021-10-23T16:29:14.520] [ERROR] default - NoName RequestError: Oginial account number is not exists
[2021-10-23T16:31:39.978] [ERROR] default - NoName RequestError: Destination account number is not exists 
[2021-10-23T16:31:51.780] [ERROR] default - NoName RequestError: Oginial account number is not exists
[2021-10-23T16:32:08.165] [ERROR] default - NoName RequestError: Amout should be greater than 0
[2021-10-23T16:32:25.646] [ERROR] default - NoName RequestError: Insufficient funts
[2021-10-23T16:44:15.874] [ERROR] default - NoName Error: Not Found
[2021-10-23T16:47:58.616] [ERROR] default - NoName Error: Not Found
[2021-10-23T17:26:41.226] [ERROR] default - NoName RequestError: Oginial account number is not exists
[2021-10-23T17:26:55.790] [ERROR] default - NoName RequestError: Destination account number is not exists 
[2021-10-23T17:27:30.453] [ERROR] default - NoName RequestError: Insufficient funts
[2021-10-23T17:27:41.446] [ERROR] default - NoName RequestError: Amout should be greater than 0
[2021-10-23T17:33:20.837] [ERROR] default - NoName RequestError: Destination account number is not exists 
[2021-10-23T17:33:38.711] [ERROR] default - NoName RequestError: Oginial account number is not exists
[2021-10-23T17:33:51.016] [ERROR] default - NoName RequestError: Amout should be greater than 0
[2021-10-23T17:34:01.957] [ERROR] default - NoName RequestError: Insufficient funts
[2021-11-06T13:54:37.776] [ERROR] default - NoName ConnectionError: Failed to connect to LAPTOP-KA8LM96D:1433 - Could not connect (sequence)
[2021-11-06T13:55:05.836] [ERROR] default - NoName ConnectionError: Failed to connect to LAPTOP-KA8LM96D/swathi:1433 - getaddrinfo ENOTFOUND LAPTOP-KA8LM96D/swathi
[2021-11-06T14:01:26.221] [ERROR] default - NoName ConnectionError: Failed to connect to LAPTOP-KA8LM96D/swathi:1433 - getaddrinfo ENOTFOUND LAPTOP-KA8LM96D/swathi
[2021-11-06T14:01:27.789] [ERROR] default - NoName ConnectionError: Failed to connect to LAPTOP-KA8LM96D/swathi:1433 - getaddrinfo ENOTFOUND LAPTOP-KA8LM96D/swathi
[2021-11-06T14:01:55.132] [ERROR] default - NoName ConnectionError: Failed to connect to LAPTOP-KA8LM96D:1433 - Could not connect (sequence)
[2021-11-06T14:04:41.723] [ERROR] default - NoName ConnectionError: Failed to connect to LAPTOP-KA8LM96D:1433 - Could not connect (sequence)
[2021-11-06T14:08:22.473] [ERROR] default - NoName ConnectionError: Failed to connect to localhost:1433 - Could not connect (sequence)
[2021-11-06T14:14:05.245] [ERROR] default - NoName ConnectionError: Failed to connect to LAPTOP-KA8LM96D:1433 - Could not connect (sequence)
[2021-11-06T14:14:55.517] [ERROR] default - NoName ConnectionError: Failed to connect to LAPTOP-KA8LM96D:1433 - Could not connect (sequence)
[2021-11-06T14:31:27.260] [ERROR] default - NoName RequestError: Invalid object name 'users'.
[2021-11-06T14:42:27.794] [ERROR] default - NoName ConnectionError: Failed to connect to DESKTOP-I2UUGJ5SQLEXPRESS:1433 - getaddrinfo ENOTFOUND DESKTOP-I2UUGJ5SQLEXPRESS
[2021-11-06T14:44:52.342] [ERROR] default - NoName ConnectionError: Failed to connect to DESKTOP-I2UUGJ5SQLEXPRESS:1433 - getaddrinfo ENOTFOUND DESKTOP-I2UUGJ5SQLEXPRESS
[2021-11-06T14:45:10.853] [ERROR] default - NoName ConnectionError: Failed to connect to DESKTOP-I2UUGJ5SQLEXPRESS:1433 - getaddrinfo ENOTFOUND DESKTOP-I2UUGJ5SQLEXPRESS
[2021-11-06T14:48:55.102] [ERROR] default - NoName ConnectionError: Failed to connect to DESKTOP-I2UUGJ5SQLEXPRESS:1433 - getaddrinfo ENOTFOUND DESKTOP-I2UUGJ5SQLEXPRESS
[2021-11-06T14:51:59.346] [ERROR] default - NoName ConnectionError: Failed to connect to DESKTOP-I2UUGJ5\SQLEXPRESS in 30000ms
[2021-11-06T14:52:26.145] [ERROR] default - NoName ConnectionError: Failed to connect to DESKTOP-I2UUGJ5:1433 - Could not connect (sequence)
[2021-11-06T14:52:57.366] [ERROR] default - NoName ConnectionError: Failed to connect to DESKTOP-I2UUGJ5:1433 - Could not connect (sequence)
[2021-11-06T14:57:11.613] [ERROR] default - NoName ConnectionError: Failed to connect to DESKTOP-I2UUGJ5:1433 - Could not connect (sequence)
[2021-11-06T14:57:28.279] [ERROR] default - NoName ConnectionError: Failed to connect to DESKTOP-I2UUGJ5SQLEXPRESS:1433 - getaddrinfo ENOTFOUND DESKTOP-I2UUGJ5SQLEXPRESS
[2021-11-06T15:01:36.101] [ERROR] default - NoName ConnectionError: Failed to connect to DESKTOP-I2UUGJ5SQLEXPRESS:1433 - getaddrinfo ENOTFOUND DESKTOP-I2UUGJ5SQLEXPRESS
[2021-11-06T15:08:21.292] [ERROR] default - NoName ConnectionError: Failed to connect to DESKTOP-I2UUGJ5SQLEXPRESS:1433 - getaddrinfo ENOTFOUND DESKTOP-I2UUGJ5SQLEXPRESS
[2021-11-06T15:19:56.325] [ERROR] default - NoName ConnectionError: Failed to connect to DESKTOP-I2UUGJ5SQLEXPRESS:1433 - getaddrinfo ENOTFOUND DESKTOP-I2UUGJ5SQLEXPRESS
[2021-11-06T15:21:42.629] [ERROR] default - NoName ConnectionError: Failed to connect to DESKTOP-I2UUGJ5SQLEXPRESS:1433 - getaddrinfo ENOTFOUND DESKTOP-I2UUGJ5SQLEXPRESS
[2021-11-06T15:36:51.380] [ERROR] default - NoName ConnectionError: Failed to connect to DESKTOP-I2UUGJ5SQLEXPRESS:1433 - getaddrinfo ENOTFOUND DESKTOP-I2UUGJ5SQLEXPRESS
[2021-11-06T15:51:43.949] [ERROR] default - NoName ConnectionError: Failed to connect to DESKTOP-I2UUGJ5SQLEXPRESS:1433 - getaddrinfo ENOTFOUND DESKTOP-I2UUGJ5SQLEXPRESS
[2021-11-06T16:13:07.937] [ERROR] default - NoName ConnectionError: Failed to connect to DESKTOP-I2UUGJ5SQLEXPRESS:1433 - getaddrinfo ENOTFOUND DESKTOP-I2UUGJ5SQLEXPRESS
[2021-11-06T16:19:28.158] [ERROR] default - NoName ConnectionError: Failed to connect to DESKTOP-I2UUGJ5SQLEXPRESS:1433 - getaddrinfo ENOTFOUND DESKTOP-I2UUGJ5SQLEXPRESS
[2021-11-06T16:22:29.745] [ERROR] default - NoName ConnectionError: Failed to connect to DESKTOP-I2UUGJ5SQLEXPRESS:1433 - getaddrinfo ENOTFOUND DESKTOP-I2UUGJ5SQLEXPRESS
[2021-11-06T16:25:51.525] [ERROR] default - NoName ConnectionError: Failed to connect to DESKTOP-I2UUGJ5SQLEXPRESS:1433 - getaddrinfo ENOTFOUND DESKTOP-I2UUGJ5SQLEXPRESS
[2021-11-06T16:28:38.517] [ERROR] default - NoName ConnectionError: Failed to connect to DESKTOP-I2UUGJ5SQLEXPRESS:1433 - getaddrinfo ENOTFOUND DESKTOP-I2UUGJ5SQLEXPRESS
[2021-11-06T16:33:21.739] [ERROR] default - NoName ConnectionError: Failed to connect to DESKTOP-I2UUGJ5SQLEXPRESS:1433 - getaddrinfo ENOTFOUND DESKTOP-I2UUGJ5SQLEXPRESS
[2021-11-06T16:44:41.436] [ERROR] default - NoName ConnectionError: Failed to connect to DESKTOP-I2UUGJ5SQLEXPRESS:1433 - getaddrinfo ENOTFOUND DESKTOP-I2UUGJ5SQLEXPRESS
[2021-11-06T16:49:15.851] [ERROR] default - NoName ConnectionError: Failed to connect to DESKTOP-I2UUGJ5SQLEXPRESS:1433 - getaddrinfo ENOTFOUND DESKTOP-I2UUGJ5SQLEXPRESS
[2021-11-06T17:00:27.069] [ERROR] default - NoName ConnectionError: Failed to connect to DESKTOP-I2UUGJ5SQLEXPRESS:1433 - getaddrinfo ENOTFOUND DESKTOP-I2UUGJ5SQLEXPRESS
[2021-11-06T18:11:05.174] [ERROR] default - NoName ConnectionError: Failed to connect to DESKTOP-I2UUGJ5SQLEXPRESS:1433 - getaddrinfo ENOTFOUND DESKTOP-I2UUGJ5SQLEXPRESS
[2021-11-06T18:11:48.154] [ERROR] default - NoName ConnectionError: Failed to connect to DESKTOP-I2UUGJ5:1433 - Could not connect (sequence)
[2021-11-06T18:12:50.756] [ERROR] default - NoName ConnectionError: Failed to connect to DESKTOP-I2UUGJ5:1433 - Could not connect (sequence)
[2021-11-06T18:13:01.927] [ERROR] default - NoName ConnectionError: Failed to connect to DESKTOP-I2UUGJ5SQLEXPRESS:1433 - getaddrinfo ENOTFOUND DESKTOP-I2UUGJ5SQLEXPRESS
[2021-11-06T18:14:01.785] [ERROR] default - NoName ConnectionError: Failed to connect to DESKTOP-I2UUGJ5SQLEXPRESS:1433 - getaddrinfo ENOTFOUND DESKTOP-I2UUGJ5SQLEXPRESS
[2021-11-06T18:18:09.910] [ERROR] default - NoName ConnectionError: Failed to connect to DESKTOP-I2UUGJ5SQLEXPRESS:1433 - getaddrinfo ENOTFOUND DESKTOP-I2UUGJ5SQLEXPRESS
[2021-11-06T18:24:24.576] [ERROR] default - NoName ConnectionError: Failed to connect to DESKTOP-I2UUGJ5SQLEXPRESS:1433 - getaddrinfo ENOTFOUND DESKTOP-I2UUGJ5SQLEXPRESS
[2021-11-06T19:23:53.444] [ERROR] default - NoName ValidationError: child "lastname" fails because ["lastname" is required]
[2021-11-06T20:18:36.134] [ERROR] default - NoName AssertionError [ERR_ASSERTION]: Invalid schema content: 
[2021-11-06T20:19:40.510] [ERROR] default - NoName AssertionError [ERR_ASSERTION]: Invalid schema content: 
[2021-11-06T20:49:40.832] [ERROR] default - NoName ReferenceError: API_SECRET_KEY is not defined
[2021-11-06T20:50:04.037] [ERROR] default - NoName ReferenceError: API_SECRET_KEY is not defined
[2021-11-06T20:51:59.933] [ERROR] default - NoName ReferenceError: API_SECRET_KEY is not defined
[2021-11-06T20:52:07.662] [ERROR] default - NoName ReferenceError: API_SECRET_KEY is not defined
[2021-11-06T20:53:58.679] [ERROR] default - NoName ReferenceError: API_SECRET_KEY is not defined
[2021-11-06T21:08:59.895] [ERROR] default - NoName TypeError: Cannot read properties of undefined (reading 'length')
[2021-11-06T21:13:20.341] [ERROR] default - NoName TypeError: Cannot read properties of undefined (reading 'length')
[2021-11-07T00:02:16.425] [ERROR] default - NoName Error: ENOENT: no such file or directory, open 'C:\Rk\Node_Project_Hcl\client-assets\attachmentsexcel\48cede3d-0ff2-5e4a-a86f-6b9dba93cfc8.csv'
[2021-11-07T00:04:54.562] [ERROR] default - NoName Error: ENOENT: no such file or directory, open 'C:\Rk\Node_Project_Hcl\client-assets\attachments\2e3d48f4-a6f9-59b1-9597-7c07a407bec5.csv'
[2021-11-07T00:06:13.919] [ERROR] default - NoName Error: ENOENT: no such file or directory, open 'C:\Rk\Node_Project_Hcl\Node_Project_Hcl\client-assets\attachments4009bb5a-3e42-55b3-8ba0-e546934ac7c2.csv'
[2021-11-07T00:07:13.648] [ERROR] default - NoName Error: ENOENT: no such file or directory, open 'C:\Rk\Node_Project_Hcl\Node_Project_Hcl\client-assets\attachments7fb4a388-7cfa-5562-9e38-4334ea42b850.csv'
[2021-11-07T00:08:26.440] [ERROR] default - NoName Error: ENOENT: no such file or directory, open 'C:\Rk\Node_Project_Hcl\Node_Project_Hcl\client-assets\attachmentsf0e96749-7c1c-5a63-89f2-eeeeacbee17e.csv'
[2021-11-07T00:09:27.956] [ERROR] default - NoName ReferenceError: csv is not defined
[2021-11-07T00:10:44.352] [ERROR] default - NoName Error: ENOENT: no such file or directory, open 'C:\Rk\Node_Project_Hcl\Node_Project_Hcl\controllers\client-assets\attachments\d5cd195f-d29d-5522-98bf-12d7aa7bcf3b.csv'
[2021-11-07T00:11:19.283] [ERROR] default - NoName ReferenceError: csv is not defined
[2021-11-07T00:13:51.243] [ERROR] default - NoName TypeError: Cannot read properties of undefined (reading 'info')
[2021-11-07T00:14:36.486] [ERROR] default - NoName TypeError: Cannot read properties of undefined (reading 'info')
[2021-11-07T00:16:46.579] [ERROR] default - NoName TypeError: Cannot read properties of undefined (reading 'info')
[2021-11-07T00:17:01.473] [ERROR] default - NoName ReferenceError: csv is not defined
[2021-11-07T00:23:04.218] [ERROR] default - NoName Error: ENOENT: no such file or directory, open 'C:\Rk\Node_Project_Hcl\client-assets\attachments\3933bc5f-9530-56b7-9e91-eef5554aeb06'
[2021-11-07T00:23:25.179] [ERROR] default - NoName Error: ENOENT: no such file or directory, open 'C:\Rk\Node_Project_Hcl\client-assets\attachments\ecafc878-4be9-54be-83f0-ea37b0b1fd92'
[2021-11-07T00:23:49.366] [ERROR] default - NoName ReferenceError: csv is not defined
[2021-11-07T00:26:25.517] [ERROR] default - NoName Error: File does not exist. Check to make sure the file path to your csv is correct.
[2021-11-07T00:27:30.218] [ERROR] default - NoName Error: File does not exist. Check to make sure the file path to your csv is correct.
[2021-11-07T00:36:26.745] [ERROR] default - NoName Error: ENOENT: no such file or directory, open 'C:\Rk\Node_Project_Hcl\Node_Project_Hcl\controllers\client-assets\attachments\d6605dde-a5f9-575d-b9ea-e1b2614544e4.csv'
[2021-11-07T00:39:39.526] [ERROR] default - NoName TypeError: Cannot read properties of undefined (reading 'info')
[2021-11-07T00:42:15.393] [ERROR] default - NoName Error: File does not exist. Check to make sure the file path to your csv is correct.
[2021-11-07T00:44:14.284] [ERROR] default - NoName Error: File does not exist. Check to make sure the file path to your csv is correct.
[2021-11-07T00:45:26.272] [ERROR] default - NoName Error: File does not exist. Check to make sure the file path to your csv is correct.
[2021-11-07T00:47:07.936] [ERROR] default - NoName Error: File does not exist. Check to make sure the file path to your csv is correct.
[2021-11-07T00:49:23.035] [ERROR] default - NoName Error: File does not exist. Check to make sure the file path to your csv is correct.
[2021-11-07T00:49:32.214] [ERROR] default - NoName Error: File does not exist. Check to make sure the file path to your csv is correct.
[2021-11-07T00:56:47.003] [ERROR] default - NoName Error: File does not exist. Check to make sure the file path to your csv is correct.
[2021-11-07T01:02:47.446] [ERROR] default - NoName ReferenceError: subpaths is not defined
[2021-11-07T21:16:19.453] [ERROR] default - NoName Error: Not Found
[2021-11-07T22:45:14.236] [ERROR] default - NoName TypeError: Cannot read properties of undefined (reading 'length')
[2021-11-10T00:17:53.428] [ERROR] default - NoName Error: Not Found
[2021-11-10T00:19:36.142] [ERROR] default - NoName Error: Not Found
[2021-11-10T23:53:29.617] [ERROR] default - NoName ValidationError: child "email" fails because ["email" is required]
[2021-11-11T22:39:34.396] [ERROR] default - NoName ValidationError: "value" must be an object
[2021-11-11T22:41:20.898] [ERROR] default - NoName ValidationError: child "data" fails because ["data" at position 7 fails because [child "answer" fails because ["answer" is not allowed to be empty]]]
[2021-11-12T01:50:00.723] [ERROR] default - NoName TypeError: Cannot read properties of undefined (reading 'params')
[2021-11-12T01:53:05.287] [ERROR] default - NoName TypeError: Cannot read properties of undefined (reading 'params')
[2021-11-12T01:53:31.086] [ERROR] default - NoName TypeError: Cannot read properties of undefined (reading 'params')
[2021-11-12T01:57:17.150] [ERROR] default - NoName TypeError: Cannot read properties of undefined (reading 'params')
[2021-11-12T01:58:22.282] [ERROR] default - NoName TypeError: Cannot destructure property 'id' of '(intermediate value)' as it is undefined.
[2021-11-12T01:59:58.918] [ERROR] default - NoName TypeError: Cannot destructure property 'id' of '(intermediate value)' as it is undefined.
[2021-11-12T02:02:48.579] [ERROR] default - NoName TypeError: Cannot destructure property 'id' of '(intermediate value)' as it is undefined.
[2021-11-12T02:14:58.396] [ERROR] default - NoName TypeError: Cannot read properties of undefined (reading 'params')
[2021-11-12T02:15:49.497] [ERROR] default - NoName TypeError: Cannot read properties of undefined (reading 'params')
